2024-08-30 02:09:55 INFO  LoggerUtil:33 - Successfully connected to database
2024-08-30 02:10:01 ERROR LoggerUtil:40 - ERROR: symbol not found
2024-08-30 02:20:21 INFO  LoggerUtil:33 - Successfully connected to database
2024-08-30 02:20:46 INFO  LoggerUtil:33 - Successfully connected to database
2024-08-30 02:38:06 INFO  LoggerUtil:36 - Successfully connected to database
2024-08-30 02:39:30 INFO  LoggerUtil:36 - Successfully connected to database
2024-08-30 02:44:37 INFO  LoggerUtil:36 - Successfully connected to database
2024-08-30 02:45:26 INFO  LoggerUtil:59 - INFO: A bought successfully
2024-08-30 02:51:36 INFO  LoggerUtil:36 - Successfully connected to database
2024-08-30 02:52:29 ERROR LoggerUtil:132 - ERROR: failed to insert new quote
org.postgresql.util.PSQLException: ERROR: numeric field overflow
  Detail: A field with precision 10, scale 2 must round to an absolute value less than 10^8.
	at org.postgresql.core.v3.QueryExecutorImpl.receiveErrorResponse(QueryExecutorImpl.java:2440)
	at org.postgresql.core.v3.QueryExecutorImpl.processResults(QueryExecutorImpl.java:2183)
	at org.postgresql.core.v3.QueryExecutorImpl.execute(QueryExecutorImpl.java:308)
	at org.postgresql.jdbc.PgStatement.executeInternal(PgStatement.java:441)
	at org.postgresql.jdbc.PgStatement.execute(PgStatement.java:365)
	at org.postgresql.jdbc.PgPreparedStatement.executeWithFlags(PgPreparedStatement.java:143)
	at org.postgresql.jdbc.PgPreparedStatement.execute(PgPreparedStatement.java:132)
	at ca.jrvs.apps.stockquote.dao.PositionDAO.update(PositionDAO.java:129)
	at ca.jrvs.apps.stockquote.service.PositionService.buy(PositionService.java:57)
	at ca.jrvs.apps.stockquote.service.Controller.buy(Controller.java:98)
	at ca.jrvs.apps.stockquote.service.Controller.initClient(Controller.java:58)
	at ca.jrvs.apps.stockquote.service.Controller.main(Controller.java:27)
2024-08-30 02:52:29 INFO  LoggerUtil:59 - INFO: A bought successfully
2024-08-30 02:52:43 WARN  LoggerUtil:42 - WARNING: purchasing more shares than available. Try again with smaller order
2024-08-30 02:53:13 INFO  LoggerUtil:78 - INFO: A sold successfully
2024-08-30 02:53:18 INFO  LoggerUtil:73 - INFO: no position found for symbol: A
2024-08-30 02:53:27 ERROR LoggerUtil:100 - ERROR: no position found for this symbol
2024-08-30 02:53:53 ERROR LoggerUtil:40 - ERROR: symbol not found [FSDA]
2024-08-30 02:54:10 INFO  LoggerUtil:36 - Successfully connected to database
2024-08-30 02:54:13 ERROR LoggerUtil:40 - ERROR: symbol not found [DSFA]
2024-08-30 02:56:00 INFO  LoggerUtil:36 - Successfully connected to database
2024-08-30 02:56:13 ERROR LoggerUtil:38 - ERROR: failed to establish connection to database
2024-08-30 02:56:43 ERROR LoggerUtil:38 - ERROR: failed to establish connection to database
2024-09-01 22:57:52 ERROR LoggerUtil:38 - ERROR: failed to establish connection to database
2024-09-01 22:57:52 ERROR LoggerUtil:38 - ERROR: failed to establish connection to database
2024-09-01 22:57:52 ERROR LoggerUtil:38 - ERROR: failed to establish connection to database
2024-09-01 22:57:52 INFO  LoggerUtil:59 - INFO: TEST bought successfully
2024-09-01 22:57:52 INFO  LoggerUtil:78 - INFO: TEST sold successfully
2024-09-01 22:57:52 WARN  LoggerUtil:42 - WARNING: purchasing more shares than available. Try again with smaller order
2024-09-01 22:57:52 ERROR LoggerUtil:38 - ERROR: failed to establish connection to database
2024-09-01 22:57:52 ERROR LoggerUtil:38 - ERROR: failed to establish connection to database
2024-09-01 22:57:54 ERROR LoggerUtil:40 - ERROR: symbol not found [AAAAAA]
2024-09-01 22:58:32 INFO  LoggerUtil:59 - INFO: AAPL bought successfully
2024-09-01 22:58:33 INFO  LoggerUtil:78 - INFO: AAPL sold successfully
2024-09-01 22:58:33 WARN  LoggerUtil:42 - WARNING: purchasing more shares than available. Try again with smaller order
2024-09-01 22:58:33 INFO  LoggerUtil:59 - INFO: TEST bought successfully
2024-09-01 22:58:33 INFO  LoggerUtil:78 - INFO: TEST sold successfully
2024-09-01 22:58:33 WARN  LoggerUtil:42 - WARNING: purchasing more shares than available. Try again with smaller order
2024-09-01 22:58:34 ERROR LoggerUtil:40 - ERROR: symbol not found [AAAAAA]
2024-09-01 23:00:17 INFO  LoggerUtil:59 - INFO: AAPL bought successfully
2024-09-01 23:00:18 INFO  LoggerUtil:78 - INFO: AAPL sold successfully
2024-09-01 23:00:18 WARN  LoggerUtil:42 - WARNING: purchasing more shares than available. Try again with smaller order
2024-09-01 23:00:18 INFO  LoggerUtil:59 - INFO: TEST bought successfully
2024-09-01 23:00:18 INFO  LoggerUtil:78 - INFO: TEST sold successfully
2024-09-01 23:00:18 WARN  LoggerUtil:42 - WARNING: purchasing more shares than available. Try again with smaller order
2024-09-01 23:00:18 ERROR LoggerUtil:40 - ERROR: symbol not found [AAAAAA]
2024-09-01 23:00:19 ERROR LoggerUtil:40 - ERROR: symbol not found [AAAAAA]
2024-09-01 23:03:12 INFO  LoggerUtil:59 - INFO: AAPL bought successfully
2024-09-01 23:03:12 INFO  LoggerUtil:78 - INFO: AAPL sold successfully
2024-09-01 23:03:12 WARN  LoggerUtil:42 - WARNING: purchasing more shares than available. Try again with smaller order
2024-09-01 23:03:12 INFO  LoggerUtil:59 - INFO: TEST bought successfully
2024-09-01 23:03:12 INFO  LoggerUtil:78 - INFO: TEST sold successfully
2024-09-01 23:03:12 WARN  LoggerUtil:42 - WARNING: purchasing more shares than available. Try again with smaller order
2024-09-01 23:03:13 ERROR LoggerUtil:40 - ERROR: symbol not found [AAAAAA]
2024-09-01 23:03:14 ERROR LoggerUtil:40 - ERROR: symbol not found [AAAAAA]
2024-09-01 23:18:24 INFO  LoggerUtil:59 - INFO: AAPL bought successfully
2024-09-01 23:18:25 INFO  LoggerUtil:78 - INFO: AAPL sold successfully
2024-09-01 23:18:25 WARN  LoggerUtil:42 - WARNING: purchasing more shares than available. Try again with smaller order
2024-09-01 23:18:25 INFO  LoggerUtil:59 - INFO: TEST bought successfully
2024-09-01 23:18:25 INFO  LoggerUtil:78 - INFO: TEST sold successfully
2024-09-01 23:18:25 WARN  LoggerUtil:42 - WARNING: purchasing more shares than available. Try again with smaller order
2024-09-01 23:18:26 ERROR LoggerUtil:40 - ERROR: symbol not found [AAAAAA]
2024-09-01 23:18:26 ERROR LoggerUtil:40 - ERROR: symbol not found [AAAAAA]
2024-09-01 23:19:02 INFO  LoggerUtil:59 - INFO: AAPL bought successfully
2024-09-01 23:19:02 WARN  LoggerUtil:42 - WARNING: purchasing more shares than available. Try again with smaller order
2024-09-01 23:19:02 INFO  LoggerUtil:59 - INFO: TEST bought successfully
2024-09-01 23:19:02 INFO  LoggerUtil:78 - INFO: TEST sold successfully
2024-09-01 23:19:02 WARN  LoggerUtil:42 - WARNING: purchasing more shares than available. Try again with smaller order
2024-09-01 23:20:40 INFO  LoggerUtil:59 - INFO: AAPL bought successfully
2024-09-01 23:20:40 INFO  LoggerUtil:78 - INFO: AAPL sold successfully
2024-09-01 23:20:41 WARN  LoggerUtil:42 - WARNING: purchasing more shares than available. Try again with smaller order
2024-09-01 23:20:41 INFO  LoggerUtil:59 - INFO: TEST bought successfully
2024-09-01 23:20:41 INFO  LoggerUtil:78 - INFO: TEST sold successfully
2024-09-01 23:20:41 WARN  LoggerUtil:42 - WARNING: purchasing more shares than available. Try again with smaller order
2024-09-01 23:20:41 ERROR LoggerUtil:40 - ERROR: symbol not found [AAAAAA]
2024-09-01 23:20:42 ERROR LoggerUtil:40 - ERROR: symbol not found [AAAAAA]
2024-09-01 23:22:36 INFO  LoggerUtil:59 - INFO: AAPL bought successfully
2024-09-01 23:22:37 INFO  LoggerUtil:78 - INFO: AAPL sold successfully
2024-09-01 23:22:37 WARN  LoggerUtil:42 - WARNING: purchasing more shares than available. Try again with smaller order
2024-09-01 23:22:37 INFO  LoggerUtil:59 - INFO: TEST bought successfully
2024-09-01 23:22:37 INFO  LoggerUtil:78 - INFO: TEST sold successfully
2024-09-01 23:22:37 WARN  LoggerUtil:42 - WARNING: purchasing more shares than available. Try again with smaller order
2024-09-01 23:22:37 ERROR LoggerUtil:40 - ERROR: symbol not found [AAAAAA]
2024-09-01 23:22:38 ERROR LoggerUtil:40 - ERROR: symbol not found [AAAAAA]
2024-09-02 00:18:03 INFO  LoggerUtil:59 - INFO: AAPL bought successfully
2024-09-02 00:18:04 INFO  LoggerUtil:78 - INFO: AAPL sold successfully
2024-09-02 00:18:04 WARN  LoggerUtil:42 - WARNING: purchasing more shares than available. Try again with smaller order
2024-09-02 00:18:04 INFO  LoggerUtil:59 - INFO: TEST bought successfully
2024-09-02 00:18:04 INFO  LoggerUtil:78 - INFO: TEST sold successfully
2024-09-02 00:18:04 WARN  LoggerUtil:42 - WARNING: purchasing more shares than available. Try again with smaller order
2024-09-02 00:18:05 ERROR LoggerUtil:40 - ERROR: symbol not found [AAAAAA]
2024-09-02 00:18:06 ERROR LoggerUtil:40 - ERROR: symbol not found [AAAAAA]
2024-09-02 00:22:38 INFO  LoggerUtil:59 - INFO: AAPL bought successfully
2024-09-02 00:22:39 INFO  LoggerUtil:78 - INFO: AAPL sold successfully
2024-09-02 00:22:39 WARN  LoggerUtil:42 - WARNING: purchasing more shares than available. Try again with smaller order
2024-09-02 00:22:39 INFO  LoggerUtil:59 - INFO: TEST bought successfully
2024-09-02 00:22:39 INFO  LoggerUtil:78 - INFO: TEST sold successfully
2024-09-02 00:22:39 WARN  LoggerUtil:42 - WARNING: purchasing more shares than available. Try again with smaller order
2024-09-02 00:22:39 ERROR LoggerUtil:40 - ERROR: symbol not found [AAAAAA]
2024-09-02 00:22:40 ERROR LoggerUtil:40 - ERROR: symbol not found [AAAAAA]
